<?xml version="1.0" encoding="UTF-8"?>
<!-- Generated by org.testng.reporters.JUnitReportReporter -->
<testsuite hostname="LAPTOP-QNA3O4MF" failures="0" tests="1" name="testCases.TC001_RegistrationTest" time="2.710" errors="0" timestamp="2025-07-01T22:40:29 IST" skipped="0">
  <testcase classname="testCases.TC001_RegistrationTest" name="AccountRegistration" time="2.710"/>
</testsuite> <!-- testCases.TC001_RegistrationTest -->
