<?xml version="1.0" encoding="UTF-8"?>
<!-- Generated by org.testng.reporters.JUnitReportReporter -->
<testsuite hostname="LAPTOP-QNA3O4MF" failures="0" tests="1" name="testCases.TC002_LoginTest" time="2.326" errors="0" timestamp="2025-07-01T22:40:29 IST" skipped="0">
  <testcase classname="testCases.TC002_LoginTest" name="verify_Login" time="2.326"/>
</testsuite> <!-- testCases.TC002_LoginTest -->
