<?xml version="1.0" encoding="UTF-8"?>
<!-- Generated by org.testng.reporters.JUnitReportReporter -->
<testsuite hostname="LAPTOP-QNA3O4MF" failures="0" tests="2" name="testCases.TC003_LoginTestFromDataDriven" time="6.161" errors="0" timestamp="2025-06-25T15:42:14 IST" skipped="0">
  <testcase classname="testCases.TC003_LoginTestFromDataDriven" name="verify_Login" time="3.389"/>
  <testcase classname="testCases.TC003_LoginTestFromDataDriven" name="verify_Login" time="2.772"/>
</testsuite> <!-- testCases.TC003_LoginTestFromDataDriven -->
